<?xml version="1.0" encoding="UTF-8"?>
<!-- Generated by org.testng.reporters.JUnitReportReporter -->
<testsuite hostname="CAI-2CB53D3" failures="0" tests="8" name="org.stem.moviedb.client.test.TestMovieDBClient" time="16.857" errors="0" timestamp="2022-05-31T21:10:05 EDT" skipped="0">
  <testcase classname="org.stem.moviedb.client.test.TestMovieDBClient" name="AssertResultsCount" time="1.879"/>
  <system-out/>
  <testcase classname="org.stem.moviedb.client.test.TestMovieDBClient" name="AssertResultsCount" time="2.812"/>
  <system-out/>
  <testcase classname="org.stem.moviedb.client.test.TestMovieDBClient" name="AssertMoviePlotAndRunTime" time="0.248"/>
  <system-out/>
  <testcase classname="org.stem.moviedb.client.test.TestMovieDBClient" name="AssertMovieReleasedDateAndDirectorName" time="2.093"/>
  <system-out/>
  <testcase classname="org.stem.moviedb.client.test.TestMovieDBClient" name="AssertListedMovieName" time="3.261"/>
  <system-out/>
  <testcase classname="org.stem.moviedb.client.test.TestMovieDBClient" name="AssertListedMovieName" time="2.934"/>
  <system-out/>
  <testcase classname="org.stem.moviedb.client.test.TestMovieDBClient" name="AssertMovieReleasedDateAndDirectorName" time="3.235"/>
  <system-out/>
  <testcase classname="org.stem.moviedb.client.test.TestMovieDBClient" name="AssertMoviePlotAndRunTime" time="0.395"/>
  <system-out/>
</testsuite> <!-- org.stem.moviedb.client.test.TestMovieDBClient -->
